<?xml version="1.0" encoding="UTF-8"?>
<!-- Generated by org.testng.reporters.JUnitXMLReporter -->
<testsuite ignored="0" hostname="AMIGO" failures="0" tests="5" name="Default test" time="14.538" errors="0" timestamp="2024-05-07T09:34:56 IST">
  <testcase classname="packages.adactinrunner" name="initial" time="7.405"/>
  <testcase classname="packages.adactinrunner" name="givingcredentials" time="3.526"/>
  <testcase classname="packages.adactinrunner" name="selectinghotel" time="1.55"/>
  <testcase classname="packages.adactinrunner" name="payment" time="1.708"/>
  <testcase classname="packages.adactinrunner" name="confirmation" time="0.297"/>
</testsuite> <!-- Default test -->
