<?xml version="1.0" encoding="UTF-8"?>
<testng-results ignored="0" total="5" passed="5" failed="0" skipped="0">
  <reporter-output>
  </reporter-output>
  <suite started-at="2024-05-07T09:34:42 IST" name="Default suite" finished-at="2024-05-07T09:34:56 IST" duration-ms="14538">
    <groups>
    </groups>
    <test started-at="2024-05-07T09:34:42 IST" name="Default test" finished-at="2024-05-07T09:34:56 IST" duration-ms="14538">
      <class name="packages.adactinrunner">
        <test-method signature="initial()[pri:1, instance:packages.adactinrunner@2e385cce]" started-at="2024-05-07T09:34:42 IST" name="initial" finished-at="2024-05-07T09:34:49 IST" duration-ms="7405" status="PASS">
          <reporter-output>
          </reporter-output>
        </test-method> <!-- initial -->
        <test-method signature="givingcredentials()[pri:2, instance:packages.adactinrunner@2e385cce]" started-at="2024-05-07T09:34:49 IST" name="givingcredentials" finished-at="2024-05-07T09:34:53 IST" duration-ms="3526" status="PASS">
          <reporter-output>
          </reporter-output>
        </test-method> <!-- givingcredentials -->
        <test-method signature="selectinghotel()[pri:3, instance:packages.adactinrunner@2e385cce]" started-at="2024-05-07T09:34:53 IST" name="selectinghotel" finished-at="2024-05-07T09:34:54 IST" duration-ms="1550" status="PASS">
          <reporter-output>
          </reporter-output>
        </test-method> <!-- selectinghotel -->
        <test-method signature="payment()[pri:4, instance:packages.adactinrunner@2e385cce]" started-at="2024-05-07T09:34:54 IST" name="payment" finished-at="2024-05-07T09:34:56 IST" duration-ms="1708" status="PASS">
          <reporter-output>
          </reporter-output>
        </test-method> <!-- payment -->
        <test-method signature="confirmation()[pri:5, instance:packages.adactinrunner@2e385cce]" started-at="2024-05-07T09:34:56 IST" name="confirmation" finished-at="2024-05-07T09:34:56 IST" duration-ms="297" status="PASS">
          <reporter-output>
          </reporter-output>
        </test-method> <!-- confirmation -->
      </class> <!-- packages.adactinrunner -->
    </test> <!-- Default test -->
  </suite> <!-- Default suite -->
</testng-results>
